<?xml version="1.0" encoding="UTF-8"?>
<!-- Generated by org.testng.reporters.JUnitReportReporter -->
<testsuite hostname="LAPTOP-0GFUST29" failures="0" tests="1" name="testng.CardTest" time="0.004" errors="0" timestamp="25 Nov 2023 10:00:24 GMT" skipped="0">
  <testcase classname="testng.CardTest" name="TC01_CreditCardTest" time="0.004"/>
</testsuite> <!-- testng.CardTest -->
