<?xml version="1.0" encoding="UTF-8"?>
<!-- Generated by org.testng.reporters.JUnitReportReporter -->
<testsuite hostname="LAPTOP-0GFUST29" failures="0" tests="1" name="testng.LoanTest" time="0.001" errors="0" timestamp="25 Nov 2023 10:00:24 GMT" skipped="0">
  <testcase classname="testng.LoanTest" name="TC01_HomeLoanTest" time="0.001"/>
</testsuite> <!-- testng.LoanTest -->
